2019-10-19 13:48:34,227 [Worker-4] INFO  c.g.t.t.d.PublishedGradleVersions - Gradle version information cache is not available. Remote download required.
2019-10-19 13:51:06,440 [Worker-0] INFO  c.g.t.t.d.PublishedGradleVersions - Gradle version information cache is up-to-date. Trying to read.
2019-10-19 13:52:17,012 [Worker-2] INFO  o.e.m.c.i.e.AbstractTransferListenerAdapter - Downloading https://repo.maven.apache.org/maven2/org/apache/maven/plugins/maven-deploy-plugin/2.7/maven-deploy-plugin-2.7.jar
2019-10-19 13:52:17,392 [Worker-2] INFO  o.e.m.c.i.e.AbstractTransferListenerAdapter - Downloaded https://repo.maven.apache.org/maven2/org/apache/maven/plugins/maven-deploy-plugin/2.7/maven-deploy-plugin-2.7.jar
2019-10-19 13:52:17,744 [Worker-2] INFO  o.e.m.c.i.e.AbstractTransferListenerAdapter - Downloading https://repo.maven.apache.org/maven2/org/apache/maven/plugins/maven-site-plugin/3.3/maven-site-plugin-3.3.jar
2019-10-19 13:52:18,240 [Worker-2] INFO  o.e.m.c.i.e.AbstractTransferListenerAdapter - Downloaded https://repo.maven.apache.org/maven2/org/apache/maven/plugins/maven-site-plugin/3.3/maven-site-plugin-3.3.jar
2019-10-19 13:52:18,477 [Worker-2] INFO  o.e.m.c.i.l.LifecycleMappingFactory - Using org.maven.ide.eclipse.wtp.EarLifecycleMapping lifecycle mapping for MavenProject: br.inatel.dm110:dm110-ear:1.0 @ C:\DM110\2019-dm110-master\dm110-ear\pom.xml.
2019-10-19 13:52:19,860 [Worker-2] INFO  o.e.m.c.i.l.LifecycleMappingFactory - Using org.maven.ide.eclipse.wtp.EjbLifecycleMapping lifecycle mapping for MavenProject: br.inatel.dm110:dm110-ejb:1.0 @ C:\DM110\2019-dm110-master\dm110-ejb\pom.xml.
2019-10-19 13:52:19,966 [Worker-2] INFO  o.e.m.c.i.l.LifecycleMappingFactory - Using org.eclipse.m2e.jdt.JarLifecycleMapping lifecycle mapping for MavenProject: br.inatel.dm110:dm110-ejb-client:1.0 @ C:\DM110\2019-dm110-master\dm110-ejb-client\pom.xml.
2019-10-19 13:52:20,009 [Worker-2] INFO  o.e.m.c.i.l.LifecycleMappingFactory - Using org.maven.ide.eclipse.wtp.WarLifecycleMapping lifecycle mapping for MavenProject: br.inatel.dm110:dm110-web:1.0 @ C:\DM110\2019-dm110-master\dm110-web\pom.xml.
2019-10-19 13:52:20,364 [Worker-2] INFO  o.e.m.c.i.l.LifecycleMappingFactory - Using org.eclipse.m2e.jdt.JarLifecycleMapping lifecycle mapping for MavenProject: br.inatel.dm110:dm110-api:1.0 @ C:\DM110\2019-dm110-master\dm110-api\pom.xml.
2019-10-19 13:52:20,407 [Worker-2] INFO  o.e.m.c.i.l.LifecycleMappingFactory - Using org.eclipse.m2e.jdt.JarLifecycleMapping lifecycle mapping for MavenProject: br.inatel.dm110:dm110-impl:1.0 @ C:\DM110\2019-dm110-master\dm110-impl\pom.xml.
2019-10-19 13:52:23,314 [Worker-2] INFO  o.e.m.c.i.embedder.EclipseLogger - Generating application.xml
2019-10-19 13:52:24,905 [Worker-2] INFO  o.e.m.j.i.AbstractJavaProjectConfigurator - Adding source folder /dm110-api/src/main/java
2019-10-19 13:52:24,906 [Worker-2] INFO  o.e.m.j.i.AbstractJavaProjectConfigurator - Adding source folder /dm110-api/src/test/java
2019-10-19 13:52:24,990 [Worker-2] INFO  o.e.m.j.i.AbstractJavaProjectConfigurator - Adding source folder /dm110-ejb-client/src/main/java
2019-10-19 13:52:24,991 [Worker-2] INFO  o.e.m.j.i.AbstractJavaProjectConfigurator - Adding source folder /dm110-ejb-client/src/test/java
2019-10-19 13:52:25,038 [Worker-2] INFO  o.e.m.j.i.AbstractJavaProjectConfigurator - Adding source folder /dm110-impl/src/main/java
2019-10-19 13:52:25,038 [Worker-2] INFO  o.e.m.j.i.AbstractJavaProjectConfigurator - Adding source folder /dm110-impl/src/test/java
2019-10-19 13:52:25,096 [Worker-2] INFO  o.e.m.j.i.AbstractJavaProjectConfigurator - Adding source folder /dm110-web/src/main/java
2019-10-19 13:52:25,096 [Worker-2] INFO  o.e.m.j.i.AbstractJavaProjectConfigurator - Adding source folder /dm110-web/src/test/java
2019-10-19 13:52:25,319 [Worker-2] INFO  o.e.m.j.i.AbstractJavaProjectConfigurator - Adding source folder /dm110-ejb/src/main/java
2019-10-19 13:52:25,320 [Worker-2] INFO  o.e.m.j.i.AbstractJavaProjectConfigurator - Adding resource folder /dm110-ejb/src/main/resources
2019-10-19 13:52:25,320 [Worker-2] INFO  o.e.m.j.i.AbstractJavaProjectConfigurator - Adding source folder /dm110-ejb/src/test/java
2019-10-19 13:52:25,582 [Worker-2] INFO  o.e.m.c.i.embedder.EclipseLogger - Generating application.xml
2019-10-19 13:52:25,596 [Worker-2] INFO  o.e.m.c.i.p.ProjectConfigurationManager - Imported and configured 6 project(s) in 11 sec
2019-10-19 13:52:26,284 [Worker-16] INFO  o.e.m.c.i.embedder.EclipseLogger - Using 'UTF-8' encoding to copy filtered resources.
2019-10-19 13:52:26,284 [Worker-16] INFO  o.e.m.c.i.embedder.EclipseLogger - skip non existing resourceDirectory C:\DM110\2019-dm110-master\dm110-api\src\main\resources
2019-10-19 13:52:26,286 [Worker-16] INFO  o.e.m.c.i.embedder.EclipseLogger - Using 'UTF-8' encoding to copy filtered resources.
2019-10-19 13:52:26,287 [Worker-16] INFO  o.e.m.c.i.embedder.EclipseLogger - skip non existing resourceDirectory C:\DM110\2019-dm110-master\dm110-api\src\test\resources
2019-10-19 13:52:26,336 [Worker-16] INFO  o.e.m.c.i.embedder.EclipseLogger - Using 'UTF-8' encoding to copy filtered resources.
2019-10-19 13:52:26,337 [Worker-16] INFO  o.e.m.c.i.embedder.EclipseLogger - skip non existing resourceDirectory C:\DM110\2019-dm110-master\dm110-ejb-client\src\main\resources
2019-10-19 13:52:26,338 [Worker-16] INFO  o.e.m.c.i.embedder.EclipseLogger - Using 'UTF-8' encoding to copy filtered resources.
2019-10-19 13:52:26,338 [Worker-16] INFO  o.e.m.c.i.embedder.EclipseLogger - skip non existing resourceDirectory C:\DM110\2019-dm110-master\dm110-ejb-client\src\test\resources
2019-10-19 13:52:26,405 [Worker-16] INFO  o.e.m.c.i.embedder.EclipseLogger - Using 'UTF-8' encoding to copy filtered resources.
2019-10-19 13:52:26,410 [Worker-16] INFO  o.e.m.c.i.embedder.EclipseLogger - Copying 1 resource
2019-10-19 13:52:26,423 [Worker-16] INFO  o.e.m.c.i.embedder.EclipseLogger - Using 'UTF-8' encoding to copy filtered resources.
2019-10-19 13:52:26,423 [Worker-16] INFO  o.e.m.c.i.embedder.EclipseLogger - skip non existing resourceDirectory C:\DM110\2019-dm110-master\dm110-ejb\src\test\resources
2019-10-19 13:52:26,538 [Worker-16] INFO  o.e.m.c.i.embedder.EclipseLogger - Using 'UTF-8' encoding to copy filtered resources.
2019-10-19 13:52:26,539 [Worker-16] INFO  o.e.m.c.i.embedder.EclipseLogger - skip non existing resourceDirectory C:\DM110\2019-dm110-master\dm110-impl\src\main\resources
2019-10-19 13:52:26,540 [Worker-16] INFO  o.e.m.c.i.embedder.EclipseLogger - Using 'UTF-8' encoding to copy filtered resources.
2019-10-19 13:52:26,540 [Worker-16] INFO  o.e.m.c.i.embedder.EclipseLogger - skip non existing resourceDirectory C:\DM110\2019-dm110-master\dm110-impl\src\test\resources
2019-10-19 13:52:26,629 [Worker-16] INFO  o.e.m.c.i.embedder.EclipseLogger - Using 'UTF-8' encoding to copy filtered resources.
2019-10-19 13:52:26,629 [Worker-16] INFO  o.e.m.c.i.embedder.EclipseLogger - skip non existing resourceDirectory C:\DM110\2019-dm110-master\dm110-web\src\main\resources
2019-10-19 13:52:26,631 [Worker-16] INFO  o.e.m.c.i.embedder.EclipseLogger - Using 'UTF-8' encoding to copy filtered resources.
2019-10-19 13:52:26,631 [Worker-16] INFO  o.e.m.c.i.embedder.EclipseLogger - skip non existing resourceDirectory C:\DM110\2019-dm110-master\dm110-web\src\test\resources
2019-10-19 13:52:26,724 [Worker-16] INFO  o.e.m.c.i.embedder.EclipseLogger - Using 'UTF-8' encoding to copy filtered resources.
2019-10-19 13:52:26,724 [Worker-16] INFO  o.e.m.c.i.embedder.EclipseLogger - skip non existing resourceDirectory C:\DM110\2019-dm110-master\dm110-ear\src\main\resources
2019-10-19 13:56:30,611 [Worker-22] INFO  o.e.m.c.i.p.ProjectConfigurationManager - Update started
2019-10-19 13:56:31,025 [Worker-22] INFO  o.e.m.c.i.l.LifecycleMappingFactory - Using org.eclipse.m2e.jdt.JarLifecycleMapping lifecycle mapping for MavenProject: br.inatel.dm110:dm110-api:1.0 @ C:\DM110\2019-dm110-master\dm110-api\pom.xml.
2019-10-19 13:56:31,053 [Worker-22] INFO  o.e.m.c.i.l.LifecycleMappingFactory - Using org.maven.ide.eclipse.wtp.EarLifecycleMapping lifecycle mapping for MavenProject: br.inatel.dm110:dm110-ear:1.0 @ C:\DM110\2019-dm110-master\dm110-ear\pom.xml.
2019-10-19 13:56:31,082 [Worker-22] INFO  o.e.m.c.i.l.LifecycleMappingFactory - Using org.maven.ide.eclipse.wtp.EjbLifecycleMapping lifecycle mapping for MavenProject: br.inatel.dm110:dm110-ejb:1.0 @ C:\DM110\2019-dm110-master\dm110-ejb\pom.xml.
2019-10-19 13:56:31,107 [Worker-22] INFO  o.e.m.c.i.l.LifecycleMappingFactory - Using org.eclipse.m2e.jdt.JarLifecycleMapping lifecycle mapping for MavenProject: br.inatel.dm110:dm110-ejb-client:1.0 @ C:\DM110\2019-dm110-master\dm110-ejb-client\pom.xml.
2019-10-19 13:56:31,173 [Worker-22] INFO  o.e.m.c.i.l.LifecycleMappingFactory - Using org.eclipse.m2e.jdt.JarLifecycleMapping lifecycle mapping for MavenProject: br.inatel.dm110:dm110-impl:1.0 @ C:\DM110\2019-dm110-master\dm110-impl\pom.xml.
2019-10-19 13:56:31,205 [Worker-22] INFO  o.e.m.c.i.l.LifecycleMappingFactory - Using org.maven.ide.eclipse.wtp.WarLifecycleMapping lifecycle mapping for MavenProject: br.inatel.dm110:dm110-web:1.0 @ C:\DM110\2019-dm110-master\dm110-web\pom.xml.
2019-10-19 13:56:31,890 [Worker-22] INFO  o.e.m.c.i.embedder.EclipseLogger - Generating application.xml
2019-10-19 13:56:32,319 [Worker-22] INFO  o.e.m.j.i.AbstractJavaProjectConfigurator - Adding source folder /dm110-api/src/main/java
2019-10-19 13:56:32,319 [Worker-22] INFO  o.e.m.j.i.AbstractJavaProjectConfigurator - Adding source folder /dm110-api/src/test/java
2019-10-19 13:56:32,429 [Worker-22] INFO  o.e.m.c.i.embedder.EclipseLogger - Generating application.xml
2019-10-19 13:56:32,445 [Worker-22] INFO  o.e.m.j.i.AbstractJavaProjectConfigurator - Adding source folder /dm110-ejb/src/main/java
2019-10-19 13:56:32,445 [Worker-22] INFO  o.e.m.j.i.AbstractJavaProjectConfigurator - Adding resource folder /dm110-ejb/src/main/resources
2019-10-19 13:56:32,445 [Worker-22] INFO  o.e.m.j.i.AbstractJavaProjectConfigurator - Adding source folder /dm110-ejb/src/test/java
2019-10-19 13:56:32,495 [Worker-22] INFO  o.e.m.j.i.AbstractJavaProjectConfigurator - Adding source folder /dm110-ejb-client/src/main/java
2019-10-19 13:56:32,495 [Worker-22] INFO  o.e.m.j.i.AbstractJavaProjectConfigurator - Adding source folder /dm110-ejb-client/src/test/java
2019-10-19 13:56:32,533 [Worker-22] INFO  o.e.m.j.i.AbstractJavaProjectConfigurator - Adding source folder /dm110-impl/src/main/java
2019-10-19 13:56:32,533 [Worker-22] INFO  o.e.m.j.i.AbstractJavaProjectConfigurator - Adding source folder /dm110-impl/src/test/java
2019-10-19 13:56:32,588 [Worker-22] INFO  o.e.m.j.i.AbstractJavaProjectConfigurator - Adding source folder /dm110-web/src/main/java
2019-10-19 13:56:32,588 [Worker-22] INFO  o.e.m.j.i.AbstractJavaProjectConfigurator - Adding source folder /dm110-web/src/test/java
2019-10-19 13:56:32,868 [Worker-22] INFO  o.e.m.w.i.f.ResourceFilteringBuildParticipant - Cleaning filtered folder for dm110-ear
2019-10-19 13:56:32,909 [Worker-22] INFO  o.e.m.w.i.f.ResourceFilteringBuildParticipant - Cleaning filtered folder for dm110-web
2019-10-19 13:56:32,912 [Worker-22] INFO  o.e.m.c.i.p.ProjectConfigurationManager - Update completed: 2 sec
2019-10-19 13:56:33,087 [Worker-25] INFO  o.e.m.c.i.embedder.EclipseLogger - Using 'UTF-8' encoding to copy filtered resources.
2019-10-19 13:56:33,087 [Worker-25] INFO  o.e.m.c.i.embedder.EclipseLogger - skip non existing resourceDirectory C:\DM110\2019-dm110-master\dm110-api\src\main\resources
2019-10-19 13:56:33,088 [Worker-25] INFO  o.e.m.c.i.embedder.EclipseLogger - Using 'UTF-8' encoding to copy filtered resources.
2019-10-19 13:56:33,089 [Worker-25] INFO  o.e.m.c.i.embedder.EclipseLogger - skip non existing resourceDirectory C:\DM110\2019-dm110-master\dm110-api\src\test\resources
2019-10-19 13:56:33,302 [Worker-25] INFO  o.e.m.c.i.embedder.EclipseLogger - Using 'UTF-8' encoding to copy filtered resources.
2019-10-19 13:56:33,302 [Worker-25] INFO  o.e.m.c.i.embedder.EclipseLogger - skip non existing resourceDirectory C:\DM110\2019-dm110-master\dm110-ejb-client\src\main\resources
2019-10-19 13:56:33,303 [Worker-25] INFO  o.e.m.c.i.embedder.EclipseLogger - Using 'UTF-8' encoding to copy filtered resources.
2019-10-19 13:56:33,304 [Worker-25] INFO  o.e.m.c.i.embedder.EclipseLogger - skip non existing resourceDirectory C:\DM110\2019-dm110-master\dm110-ejb-client\src\test\resources
2019-10-19 13:56:33,354 [Worker-25] INFO  o.e.m.c.i.embedder.EclipseLogger - Using 'UTF-8' encoding to copy filtered resources.
2019-10-19 13:56:33,355 [Worker-25] INFO  o.e.m.c.i.embedder.EclipseLogger - Copying 1 resource
2019-10-19 13:56:33,364 [Worker-25] INFO  o.e.m.c.i.embedder.EclipseLogger - Using 'UTF-8' encoding to copy filtered resources.
2019-10-19 13:56:33,365 [Worker-25] INFO  o.e.m.c.i.embedder.EclipseLogger - skip non existing resourceDirectory C:\DM110\2019-dm110-master\dm110-ejb\src\test\resources
2019-10-19 13:56:33,632 [Worker-24] INFO  o.e.m.c.i.embedder.EclipseLogger - Using 'UTF-8' encoding to copy filtered resources.
2019-10-19 13:56:33,632 [Worker-24] INFO  o.e.m.c.i.embedder.EclipseLogger - skip non existing resourceDirectory C:\DM110\2019-dm110-master\dm110-impl\src\main\resources
2019-10-19 13:56:33,633 [Worker-24] INFO  o.e.m.c.i.embedder.EclipseLogger - Using 'UTF-8' encoding to copy filtered resources.
2019-10-19 13:56:33,634 [Worker-24] INFO  o.e.m.c.i.embedder.EclipseLogger - skip non existing resourceDirectory C:\DM110\2019-dm110-master\dm110-impl\src\test\resources
2019-10-19 13:56:33,821 [Worker-24] INFO  o.e.m.c.i.embedder.EclipseLogger - Using 'UTF-8' encoding to copy filtered resources.
2019-10-19 13:56:33,821 [Worker-24] INFO  o.e.m.c.i.embedder.EclipseLogger - skip non existing resourceDirectory C:\DM110\2019-dm110-master\dm110-web\src\main\resources
2019-10-19 13:56:33,823 [Worker-24] INFO  o.e.m.c.i.embedder.EclipseLogger - Using 'UTF-8' encoding to copy filtered resources.
2019-10-19 13:56:33,824 [Worker-24] INFO  o.e.m.c.i.embedder.EclipseLogger - skip non existing resourceDirectory C:\DM110\2019-dm110-master\dm110-web\src\test\resources
2019-10-19 13:56:33,824 [Worker-24] INFO  o.e.m.w.i.f.ResourceFilteringBuildParticipant - Changed resources require a complete clean of filtered resources of dm110-web
2019-10-19 13:56:33,825 [Worker-24] INFO  o.e.m.w.i.f.ResourceFilteringBuildParticipant - Executing resource filtering for dm110-web
2019-10-19 13:56:33,850 [Worker-24] INFO  o.e.m.c.i.embedder.EclipseLogger - Using 'UTF-8' encoding to copy filtered resources.
2019-10-19 13:56:34,190 [Worker-24] INFO  o.e.m.w.i.f.ResourceFilteringBuildParticipant - Changed resources require a complete clean of filtered resources of dm110-ear
2019-10-19 13:56:34,190 [Worker-24] INFO  o.e.m.w.i.f.ResourceFilteringBuildParticipant - Executing resource filtering for dm110-ear
2019-10-19 13:56:34,209 [Worker-24] INFO  o.e.m.c.i.embedder.EclipseLogger - Using 'UTF-8' encoding to copy filtered resources.
2019-10-19 13:56:34,222 [Worker-24] INFO  o.e.m.c.i.embedder.EclipseLogger - Generating application.xml
2019-10-19 13:56:34,231 [Worker-24] INFO  o.e.m.c.i.embedder.EclipseLogger - Using 'UTF-8' encoding to copy filtered resources.
2019-10-19 13:56:34,231 [Worker-24] INFO  o.e.m.c.i.embedder.EclipseLogger - skip non existing resourceDirectory C:\DM110\2019-dm110-master\dm110-ear\src\main\resources
2019-10-19 15:46:56,662 [Worker-3] INFO  c.g.t.t.d.PublishedGradleVersions - Gradle version information cache is up-to-date. Trying to read.
2019-10-19 15:46:59,128 [Worker-4] INFO  o.e.m.c.i.embedder.EclipseLogger - Using 'UTF-8' encoding to copy filtered resources.
2019-10-19 15:46:59,129 [Worker-4] INFO  o.e.m.c.i.embedder.EclipseLogger - skip non existing resourceDirectory C:\DM110\2019-dm110-master\dm110-web\src\main\resources
2019-10-19 15:46:59,136 [Worker-4] INFO  o.e.m.c.i.embedder.EclipseLogger - Using 'UTF-8' encoding to copy filtered resources.
2019-10-19 15:46:59,136 [Worker-4] INFO  o.e.m.c.i.embedder.EclipseLogger - skip non existing resourceDirectory C:\DM110\2019-dm110-master\dm110-web\src\test\resources
2019-10-19 15:53:54,649 [Worker-26] INFO  o.e.m.c.i.embedder.EclipseLogger - Using 'UTF-8' encoding to copy filtered resources.
2019-10-19 15:53:54,649 [Worker-26] INFO  o.e.m.c.i.embedder.EclipseLogger - skip non existing resourceDirectory C:\DM110\2019-dm110-master\dm110-api\src\main\resources
2019-10-19 15:53:54,651 [Worker-26] INFO  o.e.m.c.i.embedder.EclipseLogger - Using 'UTF-8' encoding to copy filtered resources.
2019-10-19 15:53:54,651 [Worker-26] INFO  o.e.m.c.i.embedder.EclipseLogger - skip non existing resourceDirectory C:\DM110\2019-dm110-master\dm110-api\src\test\resources
2019-10-19 15:53:54,931 [Worker-26] INFO  o.e.m.c.i.embedder.EclipseLogger - Using 'UTF-8' encoding to copy filtered resources.
2019-10-19 15:53:54,931 [Worker-26] INFO  o.e.m.c.i.embedder.EclipseLogger - skip non existing resourceDirectory C:\DM110\2019-dm110-master\dm110-ejb-client\src\main\resources
2019-10-19 15:53:54,932 [Worker-26] INFO  o.e.m.c.i.embedder.EclipseLogger - Using 'UTF-8' encoding to copy filtered resources.
2019-10-19 15:53:54,932 [Worker-26] INFO  o.e.m.c.i.embedder.EclipseLogger - skip non existing resourceDirectory C:\DM110\2019-dm110-master\dm110-ejb-client\src\test\resources
2019-10-19 15:53:54,995 [Worker-26] INFO  o.e.m.c.i.embedder.EclipseLogger - Using 'UTF-8' encoding to copy filtered resources.
2019-10-19 15:53:54,999 [Worker-26] INFO  o.e.m.c.i.embedder.EclipseLogger - Copying 1 resource
2019-10-19 15:53:55,003 [Worker-26] INFO  o.e.m.c.i.embedder.EclipseLogger - Using 'UTF-8' encoding to copy filtered resources.
2019-10-19 15:53:55,004 [Worker-26] INFO  o.e.m.c.i.embedder.EclipseLogger - skip non existing resourceDirectory C:\DM110\2019-dm110-master\dm110-ejb\src\test\resources
2019-10-19 15:53:55,458 [Worker-0] INFO  o.e.m.c.i.embedder.EclipseLogger - Using 'UTF-8' encoding to copy filtered resources.
2019-10-19 15:53:55,459 [Worker-0] INFO  o.e.m.c.i.embedder.EclipseLogger - skip non existing resourceDirectory C:\DM110\2019-dm110-master\dm110-impl\src\main\resources
2019-10-19 15:53:55,460 [Worker-0] INFO  o.e.m.c.i.embedder.EclipseLogger - Using 'UTF-8' encoding to copy filtered resources.
2019-10-19 15:53:55,460 [Worker-0] INFO  o.e.m.c.i.embedder.EclipseLogger - skip non existing resourceDirectory C:\DM110\2019-dm110-master\dm110-impl\src\test\resources
2019-10-19 15:53:55,480 [Worker-0] INFO  o.e.m.c.i.embedder.EclipseLogger - Using 'UTF-8' encoding to copy filtered resources.
2019-10-19 15:53:55,480 [Worker-0] INFO  o.e.m.c.i.embedder.EclipseLogger - skip non existing resourceDirectory C:\DM110\2019-dm110-master\dm110-web\src\main\resources
2019-10-19 15:53:55,481 [Worker-0] INFO  o.e.m.c.i.embedder.EclipseLogger - Using 'UTF-8' encoding to copy filtered resources.
2019-10-19 15:53:55,482 [Worker-0] INFO  o.e.m.c.i.embedder.EclipseLogger - skip non existing resourceDirectory C:\DM110\2019-dm110-master\dm110-web\src\test\resources
2019-10-19 16:24:31,096 [Worker-39] INFO  o.e.m.c.i.embedder.EclipseLogger - Using 'UTF-8' encoding to copy filtered resources.
2019-10-19 16:24:31,097 [Worker-39] INFO  o.e.m.c.i.embedder.EclipseLogger - skip non existing resourceDirectory C:\DM110\2019-dm110-master\dm110-web\src\main\resources
2019-10-19 16:24:31,098 [Worker-39] INFO  o.e.m.c.i.embedder.EclipseLogger - Using 'UTF-8' encoding to copy filtered resources.
2019-10-19 16:24:31,098 [Worker-39] INFO  o.e.m.c.i.embedder.EclipseLogger - skip non existing resourceDirectory C:\DM110\2019-dm110-master\dm110-web\src\test\resources
2019-10-19 16:24:40,850 [Worker-39] INFO  o.e.m.c.i.embedder.EclipseLogger - Using 'UTF-8' encoding to copy filtered resources.
2019-10-19 16:24:40,850 [Worker-39] INFO  o.e.m.c.i.embedder.EclipseLogger - skip non existing resourceDirectory C:\DM110\2019-dm110-master\dm110-web\src\main\resources
2019-10-19 16:24:40,852 [Worker-39] INFO  o.e.m.c.i.embedder.EclipseLogger - Using 'UTF-8' encoding to copy filtered resources.
2019-10-19 16:24:40,853 [Worker-39] INFO  o.e.m.c.i.embedder.EclipseLogger - skip non existing resourceDirectory C:\DM110\2019-dm110-master\dm110-web\src\test\resources
2019-10-19 16:25:32,366 [Worker-45] INFO  o.e.m.c.i.embedder.EclipseLogger - Using 'UTF-8' encoding to copy filtered resources.
2019-10-19 16:25:32,367 [Worker-45] INFO  o.e.m.c.i.embedder.EclipseLogger - skip non existing resourceDirectory C:\DM110\2019-dm110-master\dm110-web\src\main\resources
2019-10-19 16:25:32,368 [Worker-45] INFO  o.e.m.c.i.embedder.EclipseLogger - Using 'UTF-8' encoding to copy filtered resources.
2019-10-19 16:25:32,368 [Worker-45] INFO  o.e.m.c.i.embedder.EclipseLogger - skip non existing resourceDirectory C:\DM110\2019-dm110-master\dm110-web\src\test\resources
2019-10-19 16:26:20,632 [Worker-44] WARN  o.e.r.models.ModelRepository - Failed to download org.eclipse.recommenders:index::zip:0.0.0
org.eclipse.aether.resolution.ArtifactResolutionException: Could not find artifact org.eclipse.recommenders:index:zip:0.0.0-SNAPSHOT in models (http://download.eclipse.org/recommenders/models/oxygen/)
	at org.eclipse.aether.internal.impl.DefaultArtifactResolver.resolve(DefaultArtifactResolver.java:453) ~[na:na]
	at org.eclipse.aether.internal.impl.DefaultArtifactResolver.resolveArtifacts(DefaultArtifactResolver.java:255) ~[na:na]
	at org.eclipse.aether.internal.impl.DefaultArtifactResolver.resolveArtifact(DefaultArtifactResolver.java:232) ~[na:na]
	at org.eclipse.aether.internal.impl.DefaultRepositorySystem.resolveArtifact(DefaultRepositorySystem.java:303) ~[na:na]
	at org.eclipse.recommenders.models.ModelRepository.resolveInternal(ModelRepository.java:193) [org.eclipse.recommenders.models_2.5.2.v20180401-1226.jar:na]
	at org.eclipse.recommenders.models.ModelRepository.resolve(ModelRepository.java:172) [org.eclipse.recommenders.models_2.5.2.v20180401-1226.jar:na]
	at org.eclipse.recommenders.internal.models.rcp.EclipseModelRepository.resolve(EclipseModelRepository.java:168) [org.eclipse.recommenders.models.rcp_2.5.2.v20180401-1226.jar:na]
	at org.eclipse.recommenders.internal.models.rcp.DownloadModelArchiveJob.run(DownloadModelArchiveJob.java:76) [org.eclipse.recommenders.models.rcp_2.5.2.v20180401-1226.jar:na]
	at org.eclipse.core.internal.jobs.Worker.run(Worker.java:56) [org.eclipse.core.jobs_3.9.3.v20180115-1757.jar:na]
Caused by: org.eclipse.aether.transfer.ArtifactNotFoundException: Could not find artifact org.eclipse.recommenders:index:zip:0.0.0-SNAPSHOT in models (http://download.eclipse.org/recommenders/models/oxygen/)
	at org.eclipse.aether.connector.basic.ArtifactTransportListener.transferFailed(ArtifactTransportListener.java:48) ~[org.apache.maven.resolver.connector.basic_1.0.3.v20170405-0725.jar:1.0.3]
	at org.eclipse.aether.connector.basic.BasicRepositoryConnector$TaskRunner.run(BasicRepositoryConnector.java:364) ~[org.apache.maven.resolver.connector.basic_1.0.3.v20170405-0725.jar:1.0.3]
	at org.eclipse.aether.util.concurrency.RunnableErrorForwarder$1.run(RunnableErrorForwarder.java:76) ~[na:na]
	at org.eclipse.aether.connector.basic.BasicRepositoryConnector$DirectExecutor.execute(BasicRepositoryConnector.java:590) ~[org.apache.maven.resolver.connector.basic_1.0.3.v20170405-0725.jar:1.0.3]
	at org.eclipse.aether.connector.basic.BasicRepositoryConnector.get(BasicRepositoryConnector.java:258) ~[org.apache.maven.resolver.connector.basic_1.0.3.v20170405-0725.jar:1.0.3]
	at org.eclipse.aether.internal.impl.DefaultArtifactResolver.performDownloads(DefaultArtifactResolver.java:529) ~[na:na]
	at org.eclipse.aether.internal.impl.DefaultArtifactResolver.resolve(DefaultArtifactResolver.java:430) ~[na:na]
	... 8 common frames omitted
2019-10-19 16:28:01,395 [Worker-46] INFO  o.e.m.c.i.embedder.EclipseLogger - Using 'UTF-8' encoding to copy filtered resources.
2019-10-19 16:28:01,396 [Worker-46] INFO  o.e.m.c.i.embedder.EclipseLogger - skip non existing resourceDirectory C:\DM110\2019-dm110-master\dm110-web\src\main\resources
2019-10-19 16:28:01,397 [Worker-46] INFO  o.e.m.c.i.embedder.EclipseLogger - Using 'UTF-8' encoding to copy filtered resources.
2019-10-19 16:28:01,397 [Worker-46] INFO  o.e.m.c.i.embedder.EclipseLogger - skip non existing resourceDirectory C:\DM110\2019-dm110-master\dm110-web\src\test\resources
2019-10-19 16:30:11,395 [Worker-41] INFO  o.e.m.c.i.embedder.EclipseLogger - Using 'UTF-8' encoding to copy filtered resources.
2019-10-19 16:30:11,395 [Worker-41] INFO  o.e.m.c.i.embedder.EclipseLogger - skip non existing resourceDirectory C:\DM110\2019-dm110-master\dm110-web\src\main\resources
2019-10-19 16:30:11,396 [Worker-41] INFO  o.e.m.c.i.embedder.EclipseLogger - Using 'UTF-8' encoding to copy filtered resources.
2019-10-19 16:30:11,396 [Worker-41] INFO  o.e.m.c.i.embedder.EclipseLogger - skip non existing resourceDirectory C:\DM110\2019-dm110-master\dm110-web\src\test\resources
2019-10-19 16:30:19,398 [Worker-43] INFO  o.e.m.c.i.embedder.EclipseLogger - Using 'UTF-8' encoding to copy filtered resources.
2019-10-19 16:30:19,398 [Worker-43] INFO  o.e.m.c.i.embedder.EclipseLogger - skip non existing resourceDirectory C:\DM110\2019-dm110-master\dm110-web\src\main\resources
2019-10-19 16:30:19,400 [Worker-43] INFO  o.e.m.c.i.embedder.EclipseLogger - Using 'UTF-8' encoding to copy filtered resources.
2019-10-19 16:30:19,400 [Worker-43] INFO  o.e.m.c.i.embedder.EclipseLogger - skip non existing resourceDirectory C:\DM110\2019-dm110-master\dm110-web\src\test\resources
2019-10-19 16:35:01,367 [Worker-48] INFO  o.e.m.c.i.embedder.EclipseLogger - Using 'UTF-8' encoding to copy filtered resources.
2019-10-19 16:35:01,367 [Worker-48] INFO  o.e.m.c.i.embedder.EclipseLogger - skip non existing resourceDirectory C:\DM110\2019-dm110-master\dm110-web\src\main\resources
2019-10-19 16:35:01,368 [Worker-48] INFO  o.e.m.c.i.embedder.EclipseLogger - Using 'UTF-8' encoding to copy filtered resources.
2019-10-19 16:35:01,368 [Worker-48] INFO  o.e.m.c.i.embedder.EclipseLogger - skip non existing resourceDirectory C:\DM110\2019-dm110-master\dm110-web\src\test\resources
2019-10-19 16:35:30,810 [Worker-51] INFO  o.e.m.c.i.embedder.EclipseLogger - Using 'UTF-8' encoding to copy filtered resources.
2019-10-19 16:35:30,810 [Worker-51] INFO  o.e.m.c.i.embedder.EclipseLogger - skip non existing resourceDirectory C:\DM110\2019-dm110-master\dm110-web\src\main\resources
2019-10-19 16:35:30,811 [Worker-51] INFO  o.e.m.c.i.embedder.EclipseLogger - Using 'UTF-8' encoding to copy filtered resources.
2019-10-19 16:35:30,812 [Worker-51] INFO  o.e.m.c.i.embedder.EclipseLogger - skip non existing resourceDirectory C:\DM110\2019-dm110-master\dm110-web\src\test\resources
2019-10-19 16:37:04,024 [Worker-46] INFO  o.e.m.c.i.embedder.EclipseLogger - Using 'UTF-8' encoding to copy filtered resources.
2019-10-19 16:37:04,024 [Worker-46] INFO  o.e.m.c.i.embedder.EclipseLogger - skip non existing resourceDirectory C:\DM110\2019-dm110-master\dm110-web\src\main\resources
2019-10-19 16:37:04,026 [Worker-46] INFO  o.e.m.c.i.embedder.EclipseLogger - Using 'UTF-8' encoding to copy filtered resources.
2019-10-19 16:37:04,026 [Worker-46] INFO  o.e.m.c.i.embedder.EclipseLogger - skip non existing resourceDirectory C:\DM110\2019-dm110-master\dm110-web\src\test\resources
2019-10-19 16:38:43,411 [Worker-57] INFO  o.e.m.c.i.embedder.EclipseLogger - Using 'UTF-8' encoding to copy filtered resources.
2019-10-19 16:38:43,411 [Worker-57] INFO  o.e.m.c.i.embedder.EclipseLogger - skip non existing resourceDirectory C:\DM110\2019-dm110-master\dm110-web\src\main\resources
2019-10-19 16:38:43,413 [Worker-57] INFO  o.e.m.c.i.embedder.EclipseLogger - Using 'UTF-8' encoding to copy filtered resources.
2019-10-19 16:38:43,414 [Worker-57] INFO  o.e.m.c.i.embedder.EclipseLogger - skip non existing resourceDirectory C:\DM110\2019-dm110-master\dm110-web\src\test\resources
2019-10-19 16:40:25,505 [Worker-49] INFO  o.e.m.c.i.embedder.EclipseLogger - Using 'UTF-8' encoding to copy filtered resources.
2019-10-19 16:40:25,505 [Worker-49] INFO  o.e.m.c.i.embedder.EclipseLogger - skip non existing resourceDirectory C:\DM110\2019-dm110-master\dm110-web\src\main\resources
2019-10-19 16:40:25,506 [Worker-49] INFO  o.e.m.c.i.embedder.EclipseLogger - Using 'UTF-8' encoding to copy filtered resources.
2019-10-19 16:40:25,507 [Worker-49] INFO  o.e.m.c.i.embedder.EclipseLogger - skip non existing resourceDirectory C:\DM110\2019-dm110-master\dm110-web\src\test\resources
2019-10-19 16:40:39,701 [Worker-57] INFO  o.e.m.c.i.embedder.EclipseLogger - Using 'UTF-8' encoding to copy filtered resources.
2019-10-19 16:40:39,701 [Worker-57] INFO  o.e.m.c.i.embedder.EclipseLogger - skip non existing resourceDirectory C:\DM110\2019-dm110-master\dm110-impl\src\main\resources
2019-10-19 16:40:39,702 [Worker-57] INFO  o.e.m.c.i.embedder.EclipseLogger - Using 'UTF-8' encoding to copy filtered resources.
2019-10-19 16:40:39,703 [Worker-57] INFO  o.e.m.c.i.embedder.EclipseLogger - skip non existing resourceDirectory C:\DM110\2019-dm110-master\dm110-impl\src\test\resources
2019-10-19 16:41:08,735 [Worker-60] INFO  o.e.m.c.i.embedder.EclipseLogger - Using 'UTF-8' encoding to copy filtered resources.
2019-10-19 16:41:08,735 [Worker-60] INFO  o.e.m.c.i.embedder.EclipseLogger - skip non existing resourceDirectory C:\DM110\2019-dm110-master\dm110-web\src\main\resources
2019-10-19 16:41:08,736 [Worker-60] INFO  o.e.m.c.i.embedder.EclipseLogger - Using 'UTF-8' encoding to copy filtered resources.
2019-10-19 16:41:08,737 [Worker-60] INFO  o.e.m.c.i.embedder.EclipseLogger - skip non existing resourceDirectory C:\DM110\2019-dm110-master\dm110-web\src\test\resources
2019-10-19 16:41:31,723 [Worker-57] INFO  o.e.m.c.i.embedder.EclipseLogger - Using 'UTF-8' encoding to copy filtered resources.
2019-10-19 16:41:31,723 [Worker-57] INFO  o.e.m.c.i.embedder.EclipseLogger - skip non existing resourceDirectory C:\DM110\2019-dm110-master\dm110-api\src\main\resources
2019-10-19 16:41:31,724 [Worker-57] INFO  o.e.m.c.i.embedder.EclipseLogger - Using 'UTF-8' encoding to copy filtered resources.
2019-10-19 16:41:31,724 [Worker-57] INFO  o.e.m.c.i.embedder.EclipseLogger - skip non existing resourceDirectory C:\DM110\2019-dm110-master\dm110-api\src\test\resources
2019-10-19 16:41:42,550 [Worker-60] INFO  o.e.m.c.i.embedder.EclipseLogger - Using 'UTF-8' encoding to copy filtered resources.
2019-10-19 16:41:42,551 [Worker-60] INFO  o.e.m.c.i.embedder.EclipseLogger - skip non existing resourceDirectory C:\DM110\2019-dm110-master\dm110-impl\src\main\resources
2019-10-19 16:41:42,551 [Worker-60] INFO  o.e.m.c.i.embedder.EclipseLogger - Using 'UTF-8' encoding to copy filtered resources.
2019-10-19 16:41:42,552 [Worker-60] INFO  o.e.m.c.i.embedder.EclipseLogger - skip non existing resourceDirectory C:\DM110\2019-dm110-master\dm110-impl\src\test\resources
2019-10-19 16:46:18,340 [Worker-60] INFO  o.e.m.c.i.embedder.EclipseLogger - Using 'UTF-8' encoding to copy filtered resources.
2019-10-19 16:46:18,340 [Worker-60] INFO  o.e.m.c.i.embedder.EclipseLogger - skip non existing resourceDirectory C:\DM110\2019-dm110-master\dm110-api\src\main\resources
2019-10-19 16:46:18,341 [Worker-60] INFO  o.e.m.c.i.embedder.EclipseLogger - Using 'UTF-8' encoding to copy filtered resources.
2019-10-19 16:46:18,341 [Worker-60] INFO  o.e.m.c.i.embedder.EclipseLogger - skip non existing resourceDirectory C:\DM110\2019-dm110-master\dm110-api\src\test\resources
2019-10-19 16:46:18,364 [Worker-60] INFO  o.e.m.c.i.embedder.EclipseLogger - Using 'UTF-8' encoding to copy filtered resources.
2019-10-19 16:46:18,364 [Worker-60] INFO  o.e.m.c.i.embedder.EclipseLogger - skip non existing resourceDirectory C:\DM110\2019-dm110-master\dm110-impl\src\main\resources
2019-10-19 16:46:18,365 [Worker-60] INFO  o.e.m.c.i.embedder.EclipseLogger - Using 'UTF-8' encoding to copy filtered resources.
2019-10-19 16:46:18,365 [Worker-60] INFO  o.e.m.c.i.embedder.EclipseLogger - skip non existing resourceDirectory C:\DM110\2019-dm110-master\dm110-impl\src\test\resources
2019-10-19 16:47:17,066 [Worker-49] INFO  o.e.m.c.i.embedder.EclipseLogger - Using 'UTF-8' encoding to copy filtered resources.
2019-10-19 16:47:17,067 [Worker-49] INFO  o.e.m.c.i.embedder.EclipseLogger - skip non existing resourceDirectory C:\DM110\2019-dm110-master\dm110-api\src\main\resources
2019-10-19 16:47:17,067 [Worker-49] INFO  o.e.m.c.i.embedder.EclipseLogger - Using 'UTF-8' encoding to copy filtered resources.
2019-10-19 16:47:17,068 [Worker-49] INFO  o.e.m.c.i.embedder.EclipseLogger - skip non existing resourceDirectory C:\DM110\2019-dm110-master\dm110-api\src\test\resources
2019-10-19 16:47:17,092 [Worker-49] INFO  o.e.m.c.i.embedder.EclipseLogger - Using 'UTF-8' encoding to copy filtered resources.
2019-10-19 16:47:17,093 [Worker-49] INFO  o.e.m.c.i.embedder.EclipseLogger - skip non existing resourceDirectory C:\DM110\2019-dm110-master\dm110-impl\src\main\resources
2019-10-19 16:47:17,094 [Worker-49] INFO  o.e.m.c.i.embedder.EclipseLogger - Using 'UTF-8' encoding to copy filtered resources.
2019-10-19 16:47:17,094 [Worker-49] INFO  o.e.m.c.i.embedder.EclipseLogger - skip non existing resourceDirectory C:\DM110\2019-dm110-master\dm110-impl\src\test\resources
2019-10-19 16:50:36,309 [Worker-60] INFO  o.e.m.c.i.embedder.EclipseLogger - Using 'UTF-8' encoding to copy filtered resources.
2019-10-19 16:50:36,309 [Worker-60] INFO  o.e.m.c.i.embedder.EclipseLogger - skip non existing resourceDirectory C:\DM110\2019-dm110-master\dm110-impl\src\main\resources
2019-10-19 16:50:36,310 [Worker-60] INFO  o.e.m.c.i.embedder.EclipseLogger - Using 'UTF-8' encoding to copy filtered resources.
2019-10-19 16:50:36,310 [Worker-60] INFO  o.e.m.c.i.embedder.EclipseLogger - skip non existing resourceDirectory C:\DM110\2019-dm110-master\dm110-impl\src\test\resources
2019-10-19 16:51:59,780 [Worker-61] INFO  o.e.m.c.i.embedder.EclipseLogger - Using 'UTF-8' encoding to copy filtered resources.
2019-10-19 16:51:59,780 [Worker-61] INFO  o.e.m.c.i.embedder.EclipseLogger - skip non existing resourceDirectory C:\DM110\2019-dm110-master\dm110-impl\src\main\resources
2019-10-19 16:51:59,781 [Worker-61] INFO  o.e.m.c.i.embedder.EclipseLogger - Using 'UTF-8' encoding to copy filtered resources.
2019-10-19 16:51:59,782 [Worker-61] INFO  o.e.m.c.i.embedder.EclipseLogger - skip non existing resourceDirectory C:\DM110\2019-dm110-master\dm110-impl\src\test\resources
2019-10-19 16:52:57,655 [Worker-46] INFO  o.e.m.c.i.embedder.EclipseLogger - Using 'UTF-8' encoding to copy filtered resources.
2019-10-19 16:52:57,655 [Worker-46] INFO  o.e.m.c.i.embedder.EclipseLogger - skip non existing resourceDirectory C:\DM110\2019-dm110-master\dm110-impl\src\main\resources
2019-10-19 16:52:57,656 [Worker-46] INFO  o.e.m.c.i.embedder.EclipseLogger - Using 'UTF-8' encoding to copy filtered resources.
2019-10-19 16:52:57,656 [Worker-46] INFO  o.e.m.c.i.embedder.EclipseLogger - skip non existing resourceDirectory C:\DM110\2019-dm110-master\dm110-impl\src\test\resources
2019-10-19 16:53:25,953 [Worker-43] INFO  o.e.m.c.i.embedder.EclipseLogger - Using 'UTF-8' encoding to copy filtered resources.
2019-10-19 16:53:25,954 [Worker-43] INFO  o.e.m.c.i.embedder.EclipseLogger - skip non existing resourceDirectory C:\DM110\2019-dm110-master\dm110-impl\src\main\resources
2019-10-19 16:53:25,954 [Worker-43] INFO  o.e.m.c.i.embedder.EclipseLogger - Using 'UTF-8' encoding to copy filtered resources.
2019-10-19 16:53:25,955 [Worker-43] INFO  o.e.m.c.i.embedder.EclipseLogger - skip non existing resourceDirectory C:\DM110\2019-dm110-master\dm110-impl\src\test\resources
2019-10-19 16:54:29,535 [Worker-65] INFO  o.e.m.c.i.embedder.EclipseLogger - Using 'UTF-8' encoding to copy filtered resources.
2019-10-19 16:54:29,535 [Worker-65] INFO  o.e.m.c.i.embedder.EclipseLogger - skip non existing resourceDirectory C:\DM110\2019-dm110-master\dm110-impl\src\main\resources
2019-10-19 16:54:29,536 [Worker-65] INFO  o.e.m.c.i.embedder.EclipseLogger - Using 'UTF-8' encoding to copy filtered resources.
2019-10-19 16:54:29,536 [Worker-65] INFO  o.e.m.c.i.embedder.EclipseLogger - skip non existing resourceDirectory C:\DM110\2019-dm110-master\dm110-impl\src\test\resources
2019-10-19 16:54:44,252 [Worker-49] INFO  o.e.m.c.i.embedder.EclipseLogger - Using 'UTF-8' encoding to copy filtered resources.
2019-10-19 16:54:44,252 [Worker-49] INFO  o.e.m.c.i.embedder.EclipseLogger - skip non existing resourceDirectory C:\DM110\2019-dm110-master\dm110-impl\src\main\resources
2019-10-19 16:54:44,253 [Worker-49] INFO  o.e.m.c.i.embedder.EclipseLogger - Using 'UTF-8' encoding to copy filtered resources.
2019-10-19 16:54:44,253 [Worker-49] INFO  o.e.m.c.i.embedder.EclipseLogger - skip non existing resourceDirectory C:\DM110\2019-dm110-master\dm110-impl\src\test\resources
2019-10-19 16:56:08,778 [Worker-46] INFO  o.e.m.c.i.embedder.EclipseLogger - Using 'UTF-8' encoding to copy filtered resources.
2019-10-19 16:56:08,778 [Worker-46] INFO  o.e.m.c.i.embedder.EclipseLogger - skip non existing resourceDirectory C:\DM110\2019-dm110-master\dm110-web\src\main\resources
2019-10-19 16:56:08,780 [Worker-46] INFO  o.e.m.c.i.embedder.EclipseLogger - Using 'UTF-8' encoding to copy filtered resources.
2019-10-19 16:56:08,780 [Worker-46] INFO  o.e.m.c.i.embedder.EclipseLogger - skip non existing resourceDirectory C:\DM110\2019-dm110-master\dm110-web\src\test\resources
2019-10-19 16:56:15,529 [Worker-60] INFO  o.e.m.c.i.embedder.EclipseLogger - Using 'UTF-8' encoding to copy filtered resources.
2019-10-19 16:56:15,530 [Worker-60] INFO  o.e.m.c.i.embedder.EclipseLogger - skip non existing resourceDirectory C:\DM110\2019-dm110-master\dm110-web\src\main\resources
2019-10-19 16:56:15,530 [Worker-60] INFO  o.e.m.c.i.embedder.EclipseLogger - Using 'UTF-8' encoding to copy filtered resources.
2019-10-19 16:56:15,531 [Worker-60] INFO  o.e.m.c.i.embedder.EclipseLogger - skip non existing resourceDirectory C:\DM110\2019-dm110-master\dm110-web\src\test\resources
2019-10-19 16:57:35,656 [Worker-43] INFO  o.e.m.c.i.embedder.EclipseLogger - Using 'UTF-8' encoding to copy filtered resources.
2019-10-19 16:57:35,656 [Worker-43] INFO  o.e.m.c.i.embedder.EclipseLogger - skip non existing resourceDirectory C:\DM110\2019-dm110-master\dm110-web\src\main\resources
2019-10-19 16:57:35,657 [Worker-43] INFO  o.e.m.c.i.embedder.EclipseLogger - Using 'UTF-8' encoding to copy filtered resources.
2019-10-19 16:57:35,658 [Worker-43] INFO  o.e.m.c.i.embedder.EclipseLogger - skip non existing resourceDirectory C:\DM110\2019-dm110-master\dm110-web\src\test\resources
2019-10-19 16:58:11,943 [Worker-60] INFO  o.e.m.c.i.embedder.EclipseLogger - Using 'UTF-8' encoding to copy filtered resources.
2019-10-19 16:58:11,943 [Worker-60] INFO  o.e.m.c.i.embedder.EclipseLogger - skip non existing resourceDirectory C:\DM110\2019-dm110-master\dm110-api\src\main\resources
2019-10-19 16:58:11,944 [Worker-60] INFO  o.e.m.c.i.embedder.EclipseLogger - Using 'UTF-8' encoding to copy filtered resources.
2019-10-19 16:58:11,944 [Worker-60] INFO  o.e.m.c.i.embedder.EclipseLogger - skip non existing resourceDirectory C:\DM110\2019-dm110-master\dm110-api\src\test\resources
2019-10-19 16:59:45,388 [Worker-66] INFO  o.e.m.c.i.embedder.EclipseLogger - Using 'UTF-8' encoding to copy filtered resources.
2019-10-19 16:59:45,388 [Worker-66] INFO  o.e.m.c.i.embedder.EclipseLogger - skip non existing resourceDirectory C:\DM110\2019-dm110-master\dm110-web\src\main\resources
2019-10-19 16:59:45,389 [Worker-66] INFO  o.e.m.c.i.embedder.EclipseLogger - Using 'UTF-8' encoding to copy filtered resources.
2019-10-19 16:59:45,389 [Worker-66] INFO  o.e.m.c.i.embedder.EclipseLogger - skip non existing resourceDirectory C:\DM110\2019-dm110-master\dm110-web\src\test\resources
2019-10-19 16:59:49,807 [Worker-60] INFO  o.e.m.c.i.embedder.EclipseLogger - Using 'UTF-8' encoding to copy filtered resources.
2019-10-19 16:59:49,807 [Worker-60] INFO  o.e.m.c.i.embedder.EclipseLogger - skip non existing resourceDirectory C:\DM110\2019-dm110-master\dm110-web\src\main\resources
2019-10-19 16:59:49,807 [Worker-60] INFO  o.e.m.c.i.embedder.EclipseLogger - Using 'UTF-8' encoding to copy filtered resources.
2019-10-19 16:59:49,808 [Worker-60] INFO  o.e.m.c.i.embedder.EclipseLogger - skip non existing resourceDirectory C:\DM110\2019-dm110-master\dm110-web\src\test\resources
2019-10-19 17:01:16,499 [Worker-49] INFO  o.e.m.c.i.embedder.EclipseLogger - Using 'UTF-8' encoding to copy filtered resources.
2019-10-19 17:01:16,499 [Worker-49] INFO  o.e.m.c.i.embedder.EclipseLogger - skip non existing resourceDirectory C:\DM110\2019-dm110-master\dm110-web\src\main\resources
2019-10-19 17:01:16,501 [Worker-49] INFO  o.e.m.c.i.embedder.EclipseLogger - Using 'UTF-8' encoding to copy filtered resources.
2019-10-19 17:01:16,501 [Worker-49] INFO  o.e.m.c.i.embedder.EclipseLogger - skip non existing resourceDirectory C:\DM110\2019-dm110-master\dm110-web\src\test\resources
2019-10-19 17:02:23,764 [Worker-46] INFO  o.e.m.c.i.embedder.EclipseLogger - Using 'UTF-8' encoding to copy filtered resources.
2019-10-19 17:02:23,764 [Worker-46] INFO  o.e.m.c.i.embedder.EclipseLogger - skip non existing resourceDirectory C:\DM110\2019-dm110-master\dm110-web\src\main\resources
2019-10-19 17:02:23,765 [Worker-46] INFO  o.e.m.c.i.embedder.EclipseLogger - Using 'UTF-8' encoding to copy filtered resources.
2019-10-19 17:02:23,765 [Worker-46] INFO  o.e.m.c.i.embedder.EclipseLogger - skip non existing resourceDirectory C:\DM110\2019-dm110-master\dm110-web\src\test\resources
2019-10-19 17:03:03,611 [Worker-62] INFO  o.e.m.c.i.embedder.EclipseLogger - Using 'UTF-8' encoding to copy filtered resources.
2019-10-19 17:03:03,611 [Worker-62] INFO  o.e.m.c.i.embedder.EclipseLogger - skip non existing resourceDirectory C:\DM110\2019-dm110-master\dm110-web\src\main\resources
2019-10-19 17:03:03,612 [Worker-62] INFO  o.e.m.c.i.embedder.EclipseLogger - Using 'UTF-8' encoding to copy filtered resources.
2019-10-19 17:03:03,612 [Worker-62] INFO  o.e.m.c.i.embedder.EclipseLogger - skip non existing resourceDirectory C:\DM110\2019-dm110-master\dm110-web\src\test\resources
2019-10-19 17:03:07,876 [Worker-57] INFO  o.e.m.c.i.embedder.EclipseLogger - Using 'UTF-8' encoding to copy filtered resources.
2019-10-19 17:03:07,876 [Worker-57] INFO  o.e.m.c.i.embedder.EclipseLogger - skip non existing resourceDirectory C:\DM110\2019-dm110-master\dm110-web\src\main\resources
2019-10-19 17:03:07,877 [Worker-57] INFO  o.e.m.c.i.embedder.EclipseLogger - Using 'UTF-8' encoding to copy filtered resources.
2019-10-19 17:03:07,877 [Worker-57] INFO  o.e.m.c.i.embedder.EclipseLogger - skip non existing resourceDirectory C:\DM110\2019-dm110-master\dm110-web\src\test\resources
2019-10-19 17:07:10,691 [Worker-66] INFO  o.e.m.c.i.embedder.EclipseLogger - Using 'UTF-8' encoding to copy filtered resources.
2019-10-19 17:07:10,692 [Worker-66] INFO  o.e.m.c.i.embedder.EclipseLogger - skip non existing resourceDirectory C:\DM110\2019-dm110-master\dm110-web\src\main\resources
2019-10-19 17:07:10,692 [Worker-66] INFO  o.e.m.c.i.embedder.EclipseLogger - Using 'UTF-8' encoding to copy filtered resources.
2019-10-19 17:07:10,693 [Worker-66] INFO  o.e.m.c.i.embedder.EclipseLogger - skip non existing resourceDirectory C:\DM110\2019-dm110-master\dm110-web\src\test\resources
2019-10-19 17:07:29,638 [Worker-67] INFO  o.e.m.c.i.embedder.EclipseLogger - Using 'UTF-8' encoding to copy filtered resources.
2019-10-19 17:07:29,638 [Worker-67] INFO  o.e.m.c.i.embedder.EclipseLogger - skip non existing resourceDirectory C:\DM110\2019-dm110-master\dm110-web\src\main\resources
2019-10-19 17:07:29,639 [Worker-67] INFO  o.e.m.c.i.embedder.EclipseLogger - Using 'UTF-8' encoding to copy filtered resources.
2019-10-19 17:07:29,639 [Worker-67] INFO  o.e.m.c.i.embedder.EclipseLogger - skip non existing resourceDirectory C:\DM110\2019-dm110-master\dm110-web\src\test\resources
2019-10-19 17:09:15,945 [Worker-88] INFO  o.e.m.c.i.embedder.EclipseLogger - Using 'UTF-8' encoding to copy filtered resources.
2019-10-19 17:09:15,945 [Worker-88] INFO  o.e.m.c.i.embedder.EclipseLogger - skip non existing resourceDirectory C:\DM110\2019-dm110-master\dm110-web\src\main\resources
2019-10-19 17:09:15,946 [Worker-88] INFO  o.e.m.c.i.embedder.EclipseLogger - Using 'UTF-8' encoding to copy filtered resources.
2019-10-19 17:09:15,947 [Worker-88] INFO  o.e.m.c.i.embedder.EclipseLogger - skip non existing resourceDirectory C:\DM110\2019-dm110-master\dm110-web\src\test\resources
2019-10-19 17:10:10,602 [Worker-81] INFO  o.e.m.c.i.embedder.EclipseLogger - Using 'UTF-8' encoding to copy filtered resources.
2019-10-19 17:10:10,602 [Worker-81] INFO  o.e.m.c.i.embedder.EclipseLogger - skip non existing resourceDirectory C:\DM110\2019-dm110-master\dm110-web\src\main\resources
2019-10-19 17:10:10,603 [Worker-81] INFO  o.e.m.c.i.embedder.EclipseLogger - Using 'UTF-8' encoding to copy filtered resources.
2019-10-19 17:10:10,603 [Worker-81] INFO  o.e.m.c.i.embedder.EclipseLogger - skip non existing resourceDirectory C:\DM110\2019-dm110-master\dm110-web\src\test\resources
2019-10-19 17:10:47,982 [Worker-91] INFO  o.e.m.c.i.embedder.EclipseLogger - Using 'UTF-8' encoding to copy filtered resources.
2019-10-19 17:10:47,982 [Worker-91] INFO  o.e.m.c.i.embedder.EclipseLogger - skip non existing resourceDirectory C:\DM110\2019-dm110-master\dm110-impl\src\main\resources
2019-10-19 17:10:47,983 [Worker-91] INFO  o.e.m.c.i.embedder.EclipseLogger - Using 'UTF-8' encoding to copy filtered resources.
2019-10-19 17:10:47,983 [Worker-91] INFO  o.e.m.c.i.embedder.EclipseLogger - skip non existing resourceDirectory C:\DM110\2019-dm110-master\dm110-impl\src\test\resources
2019-10-19 17:11:58,974 [Worker-83] INFO  o.e.m.c.i.embedder.EclipseLogger - Using 'UTF-8' encoding to copy filtered resources.
2019-10-19 17:11:58,974 [Worker-83] INFO  o.e.m.c.i.embedder.EclipseLogger - skip non existing resourceDirectory C:\DM110\2019-dm110-master\dm110-api\src\main\resources
2019-10-19 17:11:58,975 [Worker-83] INFO  o.e.m.c.i.embedder.EclipseLogger - Using 'UTF-8' encoding to copy filtered resources.
